accountsservice					install
acl						install
acpi						install
acpi-support					install
acpid						install
add-apt-key					install
adduser						install
adobe-flashplugin				install
adwaita-icon-theme				install
adwaita-icon-theme-full				install
aircrack-ng					install
alpine						install
alsa-base					install
alsa-utils					install
anacron						install
apg						install
app-install-data				install
apparmor					install
apt						install
apt-clone					install
apt-transport-https				install
apt-utils					install
apt-xapian-index				install
aptdaemon					install
aptdaemon-data					install
aptitude					install
aptitude-common					install
apturl						install
apturl-common					install
archdetect-deb					install
aria2						install
ash						install
aspell						install
aspell-en					install
at-spi2-core					install
atop						install
attr						install
audacity					install
audacity-data					install
aufs-tools					install
autoconf					install
autoconf-archive				install
automake					install
autopoint					install
autotools-dev					install
avahi-autoipd					install
avahi-daemon					install
avahi-utils					install
baobab						install
base-files					install
base-passwd					install
bash						install
bash-completion					install
bc						install
bind9-host					install
binfmt-support					install
binutils					install
bison						install
blt						install
blueberry					install
bluetooth					install
bluez						install
bluez-cups					install
bluez-obexd					install
bluez-tools					install
bogl-bterm					install
brave-keyring					install
brltty						install
bsdmainutils					install
bsdtar						install
bsdutils					install
btrfs-tools					install
build-essential					install
busybox-initramfs				install
busybox-static					install
bzip2						install
ca-certificates					install
ca-certificates-java				install
cabextract					install
caja						install
caja-common					install
caja-dropbox					install
caja-extensions-common				install
caja-folder-color-switcher			install
caja-gksu					install
caja-open-terminal				install
caja-sendto					install
caja-wallpaper					install
casper						install
cgmanager					install
chromium-browser				install
chromium-browser-l10n				install
chromium-codecs-ffmpeg-extra			install
cifs-utils					install
cli-common					install
clonezilla					install
codeblocks					install
codeblocks-common				install
colord						install
colord-data					install
command-not-found				install
command-not-found-data				install
compiz						install
compiz-core					install
compiz-gnome					install
compiz-plugins:i386				install
compiz-plugins-default:i386			install
compizconfig-settings-manager			install
compton						install
console-setup					install
console-setup-linux				install
consolekit					install
coreutils					install
cowsay						install
cpio						install
cpp						install
cpp-5						install
cpufrequtils					install
cracklib-runtime				install
crda						install
cron						install
cryptsetup					install
cryptsetup-bin					install
cups						install
cups-browsed					install
cups-bsd					install
cups-client					install
cups-common					install
cups-core-drivers				install
cups-daemon					install
cups-filters					install
cups-filters-core-drivers			install
cups-pk-helper					install
cups-ppdc					install
cups-server-common				install
curl						install
dash						install
dbus						install
dbus-x11					install
dc						install
dconf-cli					install
dconf-editor					install
dconf-gsettings-backend:i386			install
dconf-service					install
dcraw						install
dctrl-tools					install
ddrescue-gui					install
debconf						install
debconf-i18n					install
debianutils					install
deborphan					install
default-jre					install
default-jre-headless				install
desktop-file-utils				install
dh-python					install
dialog						install
dictionaries-common				install
diffstat					install
diffutils					install
dirmngr						install
discover					install
discover-data					install
distro-info					install
distro-info-data				install
dkms						install
dmeventd					install
dmidecode					install
dmraid						install
dmsetup						install
dmz-cursor-theme				install
dns-root-data					install
dnsmasq-base					install
dnsutils					install
doc-base					install
docbook						install
docbook-dsssl					install
docbook-to-man					install
docbook-xml					install
docbook-xsl					install
dosfstools					install
dpkg						install
dpkg-dev					install
dpkg-repack					install
drbl						install
dropbox						install
duplicity					install
dvd+rw-tools					install
e2fslibs:i386					install
e2fsprogs					install
ecryptfs-utils					install
ed						install
efibootmgr					install
eject						install
emacsen-common					install
enchant						install
engrampa					install
engrampa-common					install
eom						install
eom-common					install
epiphany-browser				install
epiphany-browser-data				install
esound-common					install
espeak						install
espeak-data:i386				install
ethtool						install
evince						install
evince-common					install
evolution-data-server				install
evolution-data-server-common			install
exfat-fuse					install
exfat-utils					install
extlinux					install
fakeroot					install
famfamfam-flag-png				install
fatresize					install
ffmpeg						install
file						install
filezilla					install
filezilla-common				install
findutils					install
firefox						install
firefox-locale-el				install
firefox-locale-en				install
flatpak						install
flex						install
folder-color-switcher				install
folks-common					install
fontconfig					install
fontconfig-config				install
fonts-beng					install
fonts-beng-extra				install
fonts-dejavu					install
fonts-dejavu-core				install
fonts-dejavu-extra				install
fonts-deva					install
fonts-deva-extra				install
fonts-freefont-ttf				install
fonts-gargi					install
fonts-gubbi					install
fonts-gujr					install
fonts-gujr-extra				install
fonts-guru					install
fonts-guru-extra				install
fonts-indic					install
fonts-kacst					install
fonts-kacst-one					install
fonts-kalapi					install
fonts-khmeros-core				install
fonts-knda					install
fonts-lao					install
fonts-liberation				install
fonts-lklug-sinhala				install
fonts-lohit-beng-assamese			install
fonts-lohit-beng-bengali			install
fonts-lohit-deva				install
fonts-lohit-gujr				install
fonts-lohit-guru				install
fonts-lohit-knda				install
fonts-lohit-mlym				install
fonts-lohit-orya				install
fonts-lohit-taml				install
fonts-lohit-taml-classical			install
fonts-lohit-telu				install
fonts-mathjax					install
fonts-mgopen					install
fonts-mlym					install
fonts-nakula					install
fonts-nanum					install
fonts-navilu					install
fonts-noto					install
fonts-noto-cjk					install
fonts-noto-hinted				install
fonts-noto-mono					install
fonts-noto-unhinted				install
fonts-opensymbol				install
fonts-orya					install
fonts-orya-extra				install
fonts-pagul					install
fonts-sahadeva					install
fonts-samyak-deva				install
fonts-samyak-gujr				install
fonts-samyak-mlym				install
fonts-samyak-taml				install
fonts-sarai					install
fonts-sil-abyssinica				install
fonts-sil-padauk				install
fonts-smc					install
fonts-symbola					install
fonts-takao-pgothic				install
fonts-taml					install
fonts-telu					install
fonts-telu-extra				install
fonts-thai-tlwg					install
fonts-tibetan-machine				install
fonts-tlwg-garuda				install
fonts-tlwg-garuda-ttf				install
fonts-tlwg-kinnari				install
fonts-tlwg-kinnari-ttf				install
fonts-tlwg-laksaman				install
fonts-tlwg-laksaman-ttf				install
fonts-tlwg-loma					install
fonts-tlwg-loma-ttf				install
fonts-tlwg-mono					install
fonts-tlwg-mono-ttf				install
fonts-tlwg-norasi				install
fonts-tlwg-norasi-ttf				install
fonts-tlwg-purisa				install
fonts-tlwg-purisa-ttf				install
fonts-tlwg-sawasdee				install
fonts-tlwg-sawasdee-ttf				install
fonts-tlwg-typewriter				install
fonts-tlwg-typewriter-ttf			install
fonts-tlwg-typist				install
fonts-tlwg-typist-ttf				install
fonts-tlwg-typo					install
fonts-tlwg-typo-ttf				install
fonts-tlwg-umpush				install
fonts-tlwg-umpush-ttf				install
fonts-tlwg-waree				install
fonts-tlwg-waree-ttf				install
fonts-wqy-microhei				install
foomatic-db-compressed-ppds			install
fortune-mod					install
fortunes-min					install
freerdp-x11					install
friendly-recovery				install
ftp						install
fuse						install
fwupd						install
fwupdate					install
g++						install
g++-5						install
gamin						install
gawk						install
gcc						install
gcc-5						install
gcc-5-base:i386					install
gcc-6-base:i386					install
gconf-service					install
gconf-service-backend				install
gconf2						install
gconf2-common					install
gcr						install
gdb						install
gddrescue					install
gdebi						install
gdebi-core					install
gdisk						install
genisoimage					install
geoclue						install
geoclue-ubuntu-geoip				install
geoip-database					install
gettext						install
gettext-base					install
ghostscript					install
ghostscript-x					install
gimp						install
gimp-data					install
gimp-help-common				install
gimp-help-el					install
gimp-help-en					install
gimp-plugin-registry				install
gir1.2-accounts-1.0:i386			install
gir1.2-accountsservice-1.0			install
gir1.2-appindicator3-0.1			install
gir1.2-appstream-1.0				install
gir1.2-atk-1.0					install
gir1.2-atspi-2.0				install
gir1.2-caja					install
gir1.2-dbusmenu-glib-0.4:i386			install
gir1.2-dee-1.0					install
gir1.2-ebook-1.2:i386				install
gir1.2-ebookcontacts-1.2:i386			install
gir1.2-edataserver-1.2:i386			install
gir1.2-flatpak-1.0:i386				install
gir1.2-freedesktop:i386				install
gir1.2-gconf-2.0				install
gir1.2-gdata-0.0:i386				install
gir1.2-gdkpixbuf-2.0:i386			install
gir1.2-gkbd-3.0:i386				install
gir1.2-glib-2.0:i386				install
gir1.2-gmenu-3.0:i386				install
gir1.2-gnomebluetooth-1.0:i386			install
gir1.2-gnomekeyring-1.0				install
gir1.2-goa-1.0:i386				install
gir1.2-gst-plugins-base-0.10			install
gir1.2-gst-plugins-base-1.0			install
gir1.2-gstreamer-0.10				install
gir1.2-gstreamer-1.0				install
gir1.2-gtk-2.0					install
gir1.2-gtk-3.0:i386				install
gir1.2-gtksource-3.0:i386			install
gir1.2-gtop-2.0:i386				install
gir1.2-gucharmap-2.90:i386			install
gir1.2-gudev-1.0:i386				install
gir1.2-ibus-1.0:i386				install
gir1.2-javascriptcoregtk-3.0:i386		install
gir1.2-javascriptcoregtk-4.0:i386		install
gir1.2-json-1.0:i386				install
gir1.2-mate-desktop				install
gir1.2-mate-panel				install
gir1.2-messagingmenu-1.0			install
gir1.2-networkmanager-1.0:i386			install
gir1.2-notify-0.7				install
gir1.2-packagekitglib-1.0			install
gir1.2-pango-1.0:i386				install
gir1.2-peas-1.0:i386				install
gir1.2-polkit-1.0				install
gir1.2-rb-3.0:i386				install
gir1.2-secret-1:i386				install
gir1.2-signon-1.0				install
gir1.2-soup-2.4					install
gir1.2-udisks-2.0:i386				install
gir1.2-upowerglib-1.0				install
gir1.2-vte-2.91:i386				install
gir1.2-webkit-3.0:i386				install
gir1.2-webkit2-4.0:i386				install
gir1.2-wnck-1.0					install
gir1.2-wnck-3.0:i386				install
gir1.2-xapp-1.0					install
gir1.2-xkl-1.0:i386				install
gir1.2-xplayer-1.0				install
gir1.2-xplayer-plparser-1.0			install
gist						install
git						install
git-man						install
gkbd-capplet					install
gksu						install
glances						install
glassfish-javaee				install
glib-networking:i386				install
glib-networking-common				install
glib-networking-services			install
gmrun						install
gnome-accessibility-themes			install
gnome-bluetooth					install
gnome-calculator				install
gnome-colors-common				install
gnome-common					install
gnome-desktop3-data				install
gnome-disk-utility				install
gnome-icon-theme				install
gnome-icon-theme-symbolic			install
gnome-keyring					install
gnome-orca					install
gnome-session-bin				install
gnome-session-canberra				install
gnome-settings-daemon-schemas			install
gnome-subtitles					install
gnome-system-tools				install
gnome-themes-standard:i386			install
gnome-themes-standard-data			install
gnupg						install
gnupg-agent					install
gnupg2						install
gparted						install
gpgv						install
greenfoot					install
grep						install
groff-base					install
growisofs					install
grub-common					install
grub-efi-amd64					install
grub-efi-amd64-bin				install
grub-pc						deinstall
grub-pc-bin					install
grub2-common					install
grub2-theme-mint				install
gsettings-desktop-schemas			install
gsfonts						install
gstreamer0.10-alsa:i386				install
gstreamer0.10-ffmpeg:i386			install
gstreamer0.10-gconf:i386			install
gstreamer0.10-gnomevfs:i386			install
gstreamer0.10-nice:i386				install
gstreamer0.10-plugins-base:i386			install
gstreamer0.10-plugins-base-apps			install
gstreamer0.10-plugins-good:i386			install
gstreamer0.10-pulseaudio:i386			install
gstreamer0.10-tools				install
gstreamer0.10-x:i386				install
gstreamer1.0-alsa:i386				install
gstreamer1.0-clutter				install
gstreamer1.0-libav:i386				install
gstreamer1.0-nice:i386				install
gstreamer1.0-plugins-bad:i386			install
gstreamer1.0-plugins-bad-faad:i386		install
gstreamer1.0-plugins-bad-videoparsers:i386	install
gstreamer1.0-plugins-base:i386			install
gstreamer1.0-plugins-base-apps			install
gstreamer1.0-plugins-good:i386			install
gstreamer1.0-plugins-ugly:i386			install
gstreamer1.0-plugins-ugly-amr:i386		install
gstreamer1.0-pulseaudio:i386			install
gstreamer1.0-tools				install
gstreamer1.0-x:i386				install
gtk-doc-tools					install
gtk2-engines:i386				install
gtk2-engines-murrine:i386			install
gtk2-engines-pixbuf:i386			install
gtkdialog					install
gtranslator					install
gucharmap					install
gufw						install
guile-2.0-libs:i386				install
gvfs:i386					install
gvfs-backends					install
gvfs-bin					install
gvfs-common					install
gvfs-daemons					install
gvfs-fuse					install
gvfs-libs:i386					install
gyp						install
gzip						install
hardening-includes				install
hardinfo					install
hddtemp						install
hdparm						install
hexchat						install
hexchat-common					install
hfsprogs					install
hicolor-icon-theme				install
hostapd						install
hostname					install
hplip						install
hplip-data					install
htop						install
httrack						install
hunspell-el					install
hunspell-en-us					install
hwdata						install
hyphen-el					install
hyphen-en-us					install
i2p						install
i2p-router					install
i3						install
i3-wm						install
i3blocks					install
i3lock						install
i3status					install
icewm						install
icewm-common					install
icewm-themes					install
ideviceinstaller				install
ifupdown					install
ifuse						install
iio-sensor-proxy				install
im-config					install
imagemagick					install
imagemagick-6.q16				install
imagemagick-common				install
indicator-application				install
info						install
init						install
init-system-helpers				install
initramfs-tools					install
initramfs-tools-bin				install
initramfs-tools-core				install
initscripts					install
inkscape					install
inputattach					install
insserv						install
install-info					install
intel-gpu-tools					install
intltool					install
intltool-debian					install
inxi						install
ipcalc						install
ippusbxd					install
iproute						install
iproute2					install
iptables					install
iputils-arping					install
iputils-ping					install
iputils-tracepath				install
ipxe-qemu					install
irqbalance					install
isc-dhcp-client					install
isc-dhcp-common					install
isc-dhcp-server					install
iso-codes					install
iso-flag-png					install
isolinux					install
iw						install
jade						install
java-common					install
jfsutils					install
kbd						install
kerneloops-daemon				install
keyboard-configuration				install
keyutils					install
klibc-utils					install
kmod						install
kpartx						install
kpartx-boot					install
krb5-locales					install
language-pack-el				install
language-pack-el-base				install
language-pack-en				install
language-pack-en-base				install
language-pack-gnome-el				install
language-pack-gnome-el-base			install
language-pack-gnome-en				install
language-pack-gnome-en-base			install
language-selector-common			install
laptop-detect					install
less						install
liba52-0.7.4:i386				install
libaa1:i386					install
libaacs0:i386					install
libabw-0.1-1v5:i386				install
libaccounts-glib0:i386				install
libaccounts-qt5-1:i386				install
libaccountsservice0:i386			install
libacl1:i386					install
libaio1:i386					install
libamd2.4.1:i386				install
libao-common					install
libao4:i386					install
libapparmor-perl				install
libapparmor1:i386				install
libappindicator0.1-cil				install
libappindicator1				install
libappindicator3-1				install
libappstream-glib8:i386				install
libappstream4:i386				install
libapt-inst2.0:i386				install
libapt-pkg-perl					install
libapt-pkg5.0:i386				install
libarchive-tools				install
libarchive-zip-perl				install
libarchive13:i386				install
libart-2.0-2:i386				install
libasan2:i386					install
libasn1-8-heimdal:i386				install
libasound2:i386					install
libasound2-data					install
libasound2-plugins:i386				install
libaspell15:i386				install
libasprintf-dev:i386				install
libasprintf0v5:i386				install
libass5:i386					install
libassuan0:i386					install
libasyncns0:i386				install
libatasmart4:i386				install
libatk-adaptor:i386				install
libatk-bridge2.0-0:i386				install
libatk1.0-0:i386				install
libatk1.0-data					install
libatkmm-1.6-1v5:i386				install
libatm1:i386					install
libatomic1:i386					install
libatspi2.0-0:i386				install
libattr1:i386					install
libaudio2:i386					install
libaudiofile1:i386				install
libaudit-common					install
libaudit1:i386					install
libauthen-sasl-perl				install
libautodie-perl					install
libavahi-client3:i386				install
libavahi-common-data:i386			install
libavahi-common3:i386				install
libavahi-core7:i386				install
libavahi-glib1:i386				install
libavahi-gobject0:i386				install
libavc1394-0:i386				install
libavcodec-extra				install
libavcodec-ffmpeg-extra56:i386			install
libavdevice-ffmpeg56:i386			install
libavfilter-ffmpeg5:i386			install
libavformat-ffmpeg56:i386			install
libavresample-ffmpeg2:i386			install
libavutil-ffmpeg54:i386				install
libbabeltrace-ctf1:i386				install
libbabeltrace1:i386				install
libbabl-0.1-0:i386				install
libbasicusageenvironment1:i386			install
libbind9-140:i386				install
libbison-dev:i386				install
libblas-common					install
libblas3					install
libblkid1:i386					install
libbluetooth3:i386				install
libbluray1:i386					install
libbonobo2-0:i386				install
libbonobo2-common				install
libbonoboui2-0:i386				install
libbonoboui2-common				install
libboost-date-time1.58.0:i386			install
libboost-filesystem1.58.0:i386			install
libboost-iostreams1.58.0:i386			install
libboost-random1.58.0:i386			install
libboost-regex1.58.0:i386			install
libboost-system1.58.0:i386			install
libboost-thread1.58.0:i386			install
libbrlapi0.6:i386				install
libbs2b0:i386					install
libbsd0:i386					install
libburn4:i386					install
libbz2-1.0:i386					install
libc-ares2:i386					install
libc-bin					install
libc-dev-bin					install
libc6:i386					install
libc6-dbg:i386					install
libc6-dev:i386					install
libcaca0:i386					install
libcacard0:i386					install
libcairo-gobject2:i386				install
libcairo-perl					install
libcairo2:i386					install
libcairomm-1.0-1v5:i386				install
libcaja-extension1:i386				install
libcamd2.4.1:i386				install
libcamel-1.2-54:i386				install
libcanberra-gtk-module:i386			install
libcanberra-gtk0:i386				install
libcanberra-gtk3-0:i386				install
libcanberra-gtk3-module:i386			install
libcanberra-pulse:i386				install
libcanberra0:i386				install
libcap-ng0:i386					install
libcap2:i386					install
libcap2-bin					install
libcapnp-0.5.3:i386				install
libcc1-0:i386					install
libccolamd2.9.1:i386				install
libcddb2					install
libcdio-cdda1:i386				install
libcdio-paranoia1:i386				install
libcdio13:i386					install
libcdparanoia0:i386				install
libcdr-0.1-1:i386				install
libcgi-pm-perl					install
libcgmanager0:i386				install
libchamplain-0.12-0:i386			install
libchamplain-gtk-0.12-0:i386			install
libcholmod3.0.6:i386				install
libchromaprint0:i386				install
libcilkrts5:i386				install
libck-connector0:i386				install
libclass-accessor-perl				install
libcld2-0:i386					install
libclone-perl					install
libclucene-contribs1v5:i386			install
libclucene-core1v5:i386				install
libclutter-1.0-0:i386				install
libclutter-gst-3.0-0:i386			install
libclutter-gtk-1.0-0:i386			install
libcmis-0.5-5v5:i386				install
libcodeblocks0					install
libcogl-pango20:i386				install
libcogl-path20:i386				install
libcogl20:i386					install
libcolamd2.9.1:i386				install
libcolord2:i386					install
libcolorhug2:i386				install
libcomerr2:i386					install
libcompizconfig0:i386				install
libconfig9:i386					install
libconfuse-common				install
libconfuse0:i386				install
libcpprest2.8:i386				install
libcpufreq0					install
libcrack2:i386					install
libcroco3:i386					install
libcrypt-passwdmd5-perl				install
libcryptsetup4:i386				install
libcrystalhd3:i386				install
libcups2:i386					install
libcupscgi1:i386				install
libcupsfilters1:i386				install
libcupsimage2:i386				install
libcupsmime1:i386				install
libcupsppdc1:i386				install
libcurl3:i386					install
libcurl3-gnutls:i386				install
libcwidget3v5:i386				install
libdaemon0:i386					install
libdata-alias-perl				install
libdatrie1:i386					install
libdb5.3:i386					install
libdb5.3++:i386					install
libdbus-1-3:i386				install
libdbus-glib-1-2:i386				install
libdbus-glib2.0-cil				install
libdbus2.0-cil					install
libdbusmenu-glib4:i386				install
libdbusmenu-gtk3-4:i386				install
libdbusmenu-gtk4:i386				install
libdbusmenu-qt2:i386				install
libdc1394-22:i386				install
libdca0:i386					install
libdconf1:i386					install
libde265-0:i386					install
libdebconfclient0:i386				install
libdebian-installer4:i386			install
libdecoration0:i386				install
libdee-1.0-4:i386				install
libdevmapper-event1.02.1:i386			install
libdevmapper1.02.1:i386				install
libdfu1:i386					install
libdigest-hmac-perl				install
libdirectfb-1.2-9:i386				install
libdiscover2					install
libdjvulibre-text				install
libdjvulibre21:i386				install
libdmapsharing-3.0-2:i386			install
libdmraid1.0.0.rc16				install
libdns-export162				install
libdns162:i386					install
libdotconf0:i386				install
libdouble-conversion1v5:i386			install
libdpkg-perl					install
libdrm-amdgpu1:i386				install
libdrm-common					install
libdrm-intel1:i386				install
libdrm-nouveau2:i386				install
libdrm-radeon1:i386				install
libdrm2:i386					install
libdv4:i386					install
libdvbpsi10:i386				install
libdvdcss2					install
libdvdnav4:i386					install
libdvdread4:i386				install
libe-book-0.1-1:i386				install
libebackend-1.2-10:i386				install
libebml4v5:i386					install
libebook-1.2-16:i386				install
libebook-contacts-1.2-2:i386			install
libecal-1.2-19:i386				install
libecj-java					install
libecryptfs1					install
libedata-book-1.2-25:i386			install
libedata-cal-1.2-28:i386			install
libedataserver-1.2-21:i386			install
libedit2:i386					install
libefivar0:i386					install
libegl1-mesa:i386				install
libegl1-mesa-drivers:i386			install
libelf1:i386					install
libemail-valid-perl				install
libenca0:i386					install
libenchant1c2a:i386				install
libencode-locale-perl				install
libeot0:i386					install
libepoxy0:i386					install
libept1.5.0:i386				install
liberror-perl					install
libesd0:i386					install
libespeak1:i386					install
libestr0					install
libetonyek-0.1-1:i386				install
libev4						install
libevdev2:i386					install
libevdocument3-4:i386				install
libevent-2.0-5:i386				install
libevview3-3:i386				install
libexempi3:i386					install
libexif12:i386					install
libexiv2-14:i386				install
libexpat1:i386					install
libexpat1-dev:i386				install
libexporter-tiny-perl				install
libexttextcat-2.0-0:i386			install
libexttextcat-data				install
libfaad2:i386					install
libfakeroot:i386				install
libfarstream-0.2-5:i386				install
libfdisk1:i386					install
libfdt1:i386					install
libffi6:i386					install
libffms2-4:i386					install
libfftw3-double3:i386				install
libfftw3-single3:i386				install
libfile-basedir-perl				install
libfile-copy-recursive-perl			install
libfile-desktopentry-perl			install
libfile-fcntllock-perl				install
libfile-listing-perl				install
libfile-mimeinfo-perl				install
libfilezilla0					install
libfl-dev:i386					install
libflac++6v5:i386				install
libflac8:i386					install
libflatpak0:i386				install
libflite1:i386					install
libfluidsynth1:i386				install
libfont-afm-perl				install
libfontconfig1:i386				install
libfontembed1:i386				install
libfontenc1:i386				install
libfreehand-0.1-1:i386				install
libfreerdp-cache1.1:i386			install
libfreerdp-client1.1:i386			install
libfreerdp-codec1.1:i386			install
libfreerdp-common1.1.0:i386			install
libfreerdp-core1.1:i386				install
libfreerdp-crypto1.1:i386			install
libfreerdp-gdi1.1:i386				install
libfreerdp-locale1.1:i386			install
libfreerdp-plugins-standard:i386		install
libfreerdp-primitives1.1:i386			install
libfreerdp-rail1.1:i386				install
libfreerdp-utils1.1:i386			install
libfreetype6:i386				install
libfribidi0:i386				install
libfs6:i386					install
libfuse2:i386					install
libfwup0:i386					install
libfwupd1:i386					install
libgail-3-0:i386				install
libgail-common:i386				install
libgail18:i386					install
libgamin0					install
libgarcon-1-0					install
libgarcon-common				install
libgbm1:i386					install
libgc1c2:i386					install
libgcab-1.0-0:i386				install
libgcc-5-dev:i386				install
libgcc1:i386					install
libgck-1-0:i386					install
libgconf-2-4:i386				install
libgconf2-4:i386				install
libgconf2.0-cil					install
libgcr-3-common					install
libgcr-base-3-1:i386				install
libgcr-ui-3-1:i386				install
libgcrypt20:i386				install
libgd3:i386					install
libgda-5.0-4					install
libgda-5.0-common				install
libgdata-common					install
libgdata22:i386					install
libgdbm3:i386					install
libgdict-1.0-9:i386				install
libgdict-common					install
libgdiplus					install
libgdk-pixbuf2.0-0:i386				install
libgdk-pixbuf2.0-common				install
libgdl-3-5:i386					install
libgdl-3-common					install
libgee-0.8-2:i386				install
libgegl-0.3-0:i386				install
libgeoclue0:i386				install
libgeocode-glib0:i386				install
libgeoip1:i386					install
libgetopt-java					install
libgettextpo-dev:i386				install
libgettextpo0:i386				install
libgfortran3:i386				install
libgif7:i386					install
libgimp2.0					install
libgirepository-1.0-1:i386			install
libgksu2-0					install
libgl1-mesa-dri:i386				install
libgl1-mesa-glx:i386				install
libglade2-0:i386				install
libglade2.0-cil					install
libglapi-mesa:i386				install
libgle3						install
libgles2-mesa:i386				install
libglew1.13:i386				install
libglib-perl					install
libglib2.0-0:i386				install
libglib2.0-bin					install
libglib2.0-cil					install
libglib2.0-data					install
libglibmm-2.4-1v5:i386				install
libglu1-mesa:i386				install
libgme0:i386					install
libgmime-2.6-0:i386				install
libgmime2.6-cil					install
libgmp-dev:i386					install
libgmp10:i386					install
libgmpxx4ldbl:i386				install
libgnome-2-0:i386				install
libgnome-bluetooth13:i386			install
libgnome-desktop-3-12:i386			install
libgnome-keyring-common				install
libgnome-keyring0:i386				install
libgnome-menu-3-0:i386				install
libgnome2-0:i386				install
libgnome2-bin					install
libgnome2-common				install
libgnomecanvas2-0:i386				install
libgnomecanvas2-common				install
libgnomekbd-common				install
libgnomekbd8:i386				install
libgnomeui-0:i386				install
libgnomeui-common				install
libgnomevfs2-0:i386				install
libgnomevfs2-common				install
libgnutls-openssl27:i386			install
libgnutls30:i386				install
libgoa-1.0-0b:i386				install
libgoa-1.0-common				install
libgomp1:i386					install
libgoocanvas-common				install
libgoocanvas3:i386				install
libgpac4:i386					install
libgpg-error0:i386				install
libgpgme11:i386					install
libgphoto2-6:i386				install
libgphoto2-l10n					install
libgphoto2-port12:i386				install
libgpm2:i386					install
libgpod-common					install
libgpod4:i386					install
libgraphite2-3:i386				install
libgrilo-0.2-1:i386				install
libgroupsock8:i386				install
libgs9:i386					install
libgs9-common					install
libgsl2:i386					install
libgsm1:i386					install
libgssapi-krb5-2:i386				install
libgssapi3-heimdal:i386				install
libgssdp-1.0-3:i386				install
libgstreamer-plugins-bad1.0-0:i386		install
libgstreamer-plugins-base0.10-0:i386		install
libgstreamer-plugins-base1.0-0:i386		install
libgstreamer-plugins-good1.0-0:i386		install
libgstreamer0.10-0:i386				install
libgstreamer1.0-0:i386				install
libgtk-3-0:i386					install
libgtk-3-bin					install
libgtk-3-common					install
libgtk2-perl					install
libgtk2.0-0:i386				install
libgtk2.0-bin					install
libgtk2.0-cil					install
libgtk2.0-common				install
libgtkglext1:i386				install
libgtkmm-2.4-1v5:i386				install
libgtkmm-3.0-1v5:i386				install
libgtksourceview-3.0-1:i386			install
libgtksourceview-3.0-common			install
libgtksourceview2.0-0				install
libgtksourceview2.0-common			install
libgtkspell0					install
libgtkspell3-3-0:i386				install
libgtop-2.0-10:i386				install
libgtop2-common					install
libgucharmap-2-90-7:i386			install
libgudev-1.0-0:i386				install
libguess1:i386					install
libgupnp-1.0-4:i386				install
libgupnp-igd-1.0-4:i386				install
libgusb2:i386					install
libgutenprint2					install
libgweather-3-6:i386				install
libgweather-common				install
libgxps2:i386					install
libhal1-flash					install
libharfbuzz-icu0:i386				install
libharfbuzz0b:i386				install
libhcrypto4-heimdal:i386			install
libheimbase1-heimdal:i386			install
libheimntlm0-heimdal:i386			install
libhogweed4:i386				install
libhpmud0:i386					install
libhsqldb1.8.0-java				install
libhtml-form-perl				install
libhtml-format-perl				install
libhtml-parser-perl				install
libhtml-tagset-perl				install
libhtml-tree-perl				install
libhttp-cookies-perl				install
libhttp-daemon-perl				install
libhttp-date-perl				install
libhttp-message-perl				install
libhttp-negotiate-perl				install
libhttrack2					install
libhunspell-1.3-0:i386				install
libhx509-5-heimdal:i386				install
libhyphen0:i386					install
libibus-1.0-5:i386				install
libical1a:i386					install
libice6:i386					install
libicu55:i386					install
libid3tag0					install
libidl-2-0:i386					install
libidn11:i386					install
libido3-0.1-0:i386				install
libiec61883-0:i386				install
libieee1284-3:i386				install
libijs-0.35:i386				install
libilmbase12:i386				install
libimobiledevice-utils				install
libimobiledevice6:i386				install
libindicator3-7					install
libindicator7					install
libinput-bin					install
libinput10:i386					install
libio-html-perl					install
libio-pty-perl					install
libio-socket-inet6-perl				install
libio-socket-ssl-perl				install
libio-string-perl				install
libipc-run-perl					install
libipc-system-simple-perl			install
libirs-export141				install
libisc-export160				install
libisc160:i386					install
libisccc140:i386				install
libisccfg-export140				install
libisccfg140:i386				install
libiscsi2:i386					install
libisl15:i386					install
libiso9660-8:i386				install
libisoburn1:i386				install
libisofs6:i386					install
libitm1:i386					install
libiw30:i386					install
libjack-jackd2-0:i386				install
libjasper1:i386					install
libjavascriptcoregtk-1.0-0:i386			install
libjavascriptcoregtk-3.0-0:i386			install
libjavascriptcoregtk-4.0-18:i386		install
libjbig0:i386					install
libjbig2dec0					install
libjbigi-jni					install
libjetty9-java					install
libjpeg-progs					install
libjpeg-turbo8:i386				install
libjpeg62:i386					install
libjpeg8:i386					install
libjpeg9:i386					install
libjs-inherits					install
libjs-jquery					install
libjs-mathjax					install
libjs-node-uuid					install
libjs-sphinxdoc					install
libjs-underscore				install
libjson-c2:i386					install
libjson-glib-1.0-0:i386				install
libjson-glib-1.0-common				install
libjte1:i386					install
libk5crypto3:i386				install
libkate1:i386					install
libkeyutils1:i386				install
libklibc					install
libkmod2:i386					install
libkpathsea6:i386				install
libkrb5-26-heimdal:i386				install
libkrb5-3:i386					install
libkrb5support0:i386				install
libksba8:i386					install
liblangtag-common				install
liblangtag1:i386				install
liblapack3					install
liblcms2-2:i386					install
liblcms2-utils					install
libldap-2.4-2:i386				install
libldb1:i386					install
liblightdm-gobject-1-0:i386			install
liblilv-0-0					install
liblinear3:i386					install
liblircclient0:i386				install
liblist-moreutils-perl				install
liblivemedia50:i386				install
libllvm3.8:i386					install
libllvm6.0:i386					install
liblocale-gettext-perl				install
liblockfile-bin					install
liblockfile1:i386				install
liblouis-data					install
liblouis9:i386					install
liblqr-1-0:i386					install
libltdl7:i386					install
liblua5.2-0:i386				install
liblucene++0v5:i386				install
liblvm2app2.2:i386				install
liblvm2cmd2.02:i386				install
liblwp-mediatypes-perl				install
liblwp-protocol-https-perl			install
liblwres141:i386				install
liblz4-1:i386					install
liblzma5:i386					install
liblzo2-2:i386					install
libmad0:i386					install
libmagic1:i386					install
libmagick++-6.q16-5v5:i386			install
libmagickcore-6.q16-2:i386			install
libmagickwand-6.q16-2:i386			install
libmailtools-perl				install
libmarco-private1:i386				install
libmate-desktop-2-17:i386			install
libmate-menu2:i386				install
libmate-panel-applet-4-1			install
libmate-sensors-applet-plugin0			install
libmate-slab0:i386				install
libmate-window-settings1:i386			install
libmatedict6					install
libmatekbd-common				install
libmatekbd4:i386				install
libmatemixer-common				install
libmatemixer0:i386				install
libmateweather-common				install
libmateweather1:i386				install
libmatroska6v5:i386				install
libmbim-glib4:i386				install
libmbim-proxy					install
libmdb2:i386					install
libmdbsql2:i386					install
libmeanwhile1:i386				install
libmessaging-menu0:i386				install
libmetacity-private3a:i386			install
libmhash2:i386					install
libmimic0:i386					install
libminiupnpc10:i386				install
libminizip1:i386				install
libmirclient9:i386				install
libmircommon5:i386				install
libmircommon7:i386				install
libmircore1:i386				install
libmirprotobuf3:i386				install
libmjpegutils-2.1-0				install
libmlt++3					install
libmlt-data					install
libmlt6						install
libmm-glib0:i386				install
libmms0:i386					install
libmng2:i386					install
libmnl0:i386					install
libmodplug1:i386				install
libmono-accessibility4.0-cil			install
libmono-addins-gui0.2-cil			install
libmono-addins0.2-cil				install
libmono-cairo4.0-cil				install
libmono-corlib4.5-cil				install
libmono-data-tds4.0-cil				install
libmono-i18n-cjk4.0-cil				install
libmono-i18n-mideast4.0-cil			install
libmono-i18n-other4.0-cil			install
libmono-i18n-rare4.0-cil			install
libmono-i18n-west4.0-cil			install
libmono-i18n4.0-all				install
libmono-i18n4.0-cil				install
libmono-ldap4.0-cil				install
libmono-posix4.0-cil				install
libmono-security4.0-cil				install
libmono-sharpzip4.84-cil			install
libmono-sqlite4.0-cil				install
libmono-system-componentmodel-dataannotations4.0-cil	install
libmono-system-configuration4.0-cil		install
libmono-system-core4.0-cil			install
libmono-system-data4.0-cil			install
libmono-system-design4.0-cil			install
libmono-system-drawing4.0-cil			install
libmono-system-enterpriseservices4.0-cil	install
libmono-system-ldap4.0-cil			install
libmono-system-numerics4.0-cil			install
libmono-system-runtime-serialization-formatters-soap4.0-cil	install
libmono-system-security4.0-cil			install
libmono-system-transactions4.0-cil		install
libmono-system-web-applicationservices4.0-cil	install
libmono-system-web-services4.0-cil		install
libmono-system-web4.0-cil			install
libmono-system-windows-forms4.0-cil		install
libmono-system-xml4.0-cil			install
libmono-system4.0-cil				install
libmono-webbrowser4.0-cil			install
libmount1:i386					install
libmovit4:i386					install
libmp3lame0:i386				install
libmpc3:i386					install
libmpcdec6:i386					install
libmpdec2:i386					install
libmpeg2-4:i386					install
libmpeg2encpp-2.1-0				install
libmpfr4:i386					install
libmpg123-0:i386				install
libmplex2-2.1-0					install
libmpx0:i386					install
libmspack0:i386					install
libmspub-0.1-1:i386				install
libmtdev1:i386					install
libmtp-common					install
libmtp-runtime					install
libmtp9:i386					install
libmwaw-0.3-3:i386				install
libmythes-1.2-0:i386				install
libnatpmp1:i386					install
libncurses5:i386				install
libncurses5-dev:i386				install
libncursesw5:i386				install
libndp0:i386					install
libnemo-extension1				install
libneon27-gnutls:i386				install
libnet-dbus-perl				install
libnet-dns-perl					install
libnet-domain-tld-perl				install
libnet-http-perl				install
libnet-ip-perl					install
libnet-libidn-perl				install
libnet-smtp-ssl-perl				install
libnet-ssleay-perl				install
libnetfilter-conntrack3:i386			install
libnetpbm10					install
libnettle6:i386					install
libnewt0.52:i386				install
libnextcloudsync0:i386				install
libnfnetlink0:i386				install
libnice10:i386					install
libnih-dbus1:i386				install
libnih1:i386					install
libnl-3-200:i386				install
libnl-genl-3-200:i386				install
libnl-route-3-200:i386				install
libnm-glib-vpn1:i386				install
libnm-glib4:i386				install
libnm-gtk-common				install
libnm-gtk0:i386					install
libnm-util2:i386				install
libnm0:i386					install
libnma-common					install
libnma0:i386					install
libnotify-bin					install
libnotify4:i386					install
libnpth0:i386					install
libnspr4:i386					install
libnss-mdns:i386				install
libnss3:i386					install
libnss3-1d:i386					install
libnss3-nssdb					install
libnuma1:i386					install
libnux-4.0-common				install
liboauth0:i386					install
libodfgen-0.1-1					install
libofa0:i386					install
libogg0:i386					install
liboobs-1-5					install
libopenal-data					install
libopenal1:i386					install
libopencore-amrnb0:i386				install
libopencore-amrwb0:i386				install
libopencv-calib3d2.4v5:i386			install
libopencv-contrib2.4v5:i386			install
libopencv-core2.4v5:i386			install
libopencv-features2d2.4v5:i386			install
libopencv-flann2.4v5:i386			install
libopencv-highgui2.4v5:i386			install
libopencv-imgproc2.4v5:i386			install
libopencv-legacy2.4v5:i386			install
libopencv-ml2.4v5:i386				install
libopencv-objdetect2.4v5:i386			install
libopencv-video2.4v5:i386			install
libopenexr22:i386				install
libopenjfx-java					install
libopenjfx-jni					install
libopenjpeg5:i386				install
libopenobex2					install
libopts25:i386					install
libopus0:i386					install
liborbit-2-0:i386				install
liborbit2:i386					install
liborc-0.4-0:i386				install
liborcus-0.10-0v5:i386				install
libostree-1-1:i386				install
libp11-kit-gnome-keyring:i386			install
libp11-kit0:i386				install
libpackagekit-glib2-16:i386			install
libpagemaker-0.0-0:i386				install
libpam-cap:i386					install
libpam-ck-connector:i386			install
libpam-freerdp					install
libpam-gnome-keyring:i386			install
libpam-modules:i386				install
libpam-modules-bin				install
libpam-runtime					install
libpam-systemd:i386				install
libpam0g:i386					install
libpango-1.0-0:i386				install
libpango-perl					install
libpango1.0-0:i386				install
libpangocairo-1.0-0:i386			install
libpangoft2-1.0-0:i386				install
libpangomm-1.4-1v5:i386				install
libpangox-1.0-0:i386				install
libpangoxft-1.0-0:i386				install
libpaper-utils					install
libpaper1:i386					install
libparse-debianchangelog-perl			install
libparted-fs-resize0:i386			install
libparted2:i386					install
libpcap0.8:i386					install
libpci3:i386					install
libpciaccess0:i386				install
libpcre16-3:i386				install
libpcre3:i386					install
libpcsclite1:i386				install
libpeas-1.0-0:i386				install
libpeas-1.0-0-python2loader			install
libpeas-1.0-0-python3loader			install
libpeas-common					install
libperl5.22:i386				install
libperlio-gzip-perl				install
libphonon4qt5-4:i386				install
libpipeline1:i386				install
libpixman-1-0:i386				install
libpkcs11-helper1:i386				install
libplist3:i386					install
libplymouth4:i386				install
libpng12-0:i386					install
libpolkit-agent-1-0:i386			install
libpolkit-backend-1-0:i386			install
libpolkit-gobject-1-0:i386			install
libpoppler-glib8:i386				install
libpoppler-qt5-1:i386				install
libpoppler58:i386				install
libpopt0:i386					install
libportaudio2:i386				install
libportsmf0v5:i386				install
libpostproc-ffmpeg53:i386			install
libprocps4:i386					install
libprotobuf-lite9v5:i386			install
libprotobuf9v5:i386				install
libprotoc9v5:i386				install
libproxy-tools					install
libproxy1-plugin-gsettings:i386			install
libproxy1-plugin-networkmanager:i386		install
libproxy1v5:i386				install
libpugixml1v5:i386				install
libpulse-mainloop-glib0:i386			install
libpulse0:i386					install
libpulsedsp:i386				install
libpurple-bin					install
libpurple0					install
libpwquality-common				install
libpwquality1:i386				install
libpython-dev:i386				install
libpython-stdlib:i386				install
libpython2.7:i386				install
libpython2.7-dev:i386				install
libpython2.7-minimal:i386			install
libpython2.7-stdlib:i386			install
libpython3-stdlib:i386				install
libpython3.5:i386				install
libpython3.5-minimal:i386			install
libpython3.5-stdlib:i386			install
libqmi-glib1:i386				install
libqmi-glib5:i386				install
libqmi-proxy					install
libqpdf17:i386					install
libqpdf21:i386					install
libqt4-dbus:i386				install
libqt4-declarative:i386				install
libqt4-designer:i386				install
libqt4-help:i386				install
libqt4-network:i386				install
libqt4-opengl:i386				install
libqt4-script:i386				install
libqt4-scripttools:i386				install
libqt4-sql:i386					install
libqt4-svg:i386					install
libqt4-test:i386				install
libqt4-xml:i386					install
libqt4-xmlpatterns:i386				install
libqt5clucene5:i386				install
libqt5core5a:i386				install
libqt5dbus5:i386				install
libqt5designer5:i386				install
libqt5gui5:i386					install
libqt5help5:i386				install
libqt5keychain0:i386				install
libqt5libqgtk2:i386				install
libqt5network5:i386				install
libqt5opengl5:i386				install
libqt5positioning5:i386				install
libqt5printsupport5:i386			install
libqt5qml5:i386					install
libqt5quick5:i386				install
libqt5script5:i386				install
libqt5sql5:i386					install
libqt5sql5-sqlite:i386				install
libqt5svg5:i386					install
libqt5test5:i386				install
libqt5webchannel5:i386				install
libqt5webengine-data				install
libqt5webenginecore5:i386			install
libqt5webenginewidgets5:i386			install
libqt5webkit5:i386				install
libqt5widgets5:i386				install
libqt5x11extras5:i386				install
libqt5xml5:i386					install
libqtassistantclient4:i386			install
libqtcore4:i386					install
libqtdbus4:i386					install
libqtgui4:i386					install
libqtwebkit4:i386				install
libquadmath0:i386				install
libquvi-scripts					install
libquvi7:i386					install
librados2					install
libraptor2-0:i386				install
librarian0					install
librasqal3:i386					install
libraw1394-11:i386				install
libraw15:i386					install
librbd1						install
librdf0:i386					install
libreadline5:i386				install
libreadline6:i386				install
librecode0:i386					install
libreoffice-avmedia-backend-gstreamer		install
libreoffice-base				install
libreoffice-base-core				install
libreoffice-base-drivers			install
libreoffice-calc				install
libreoffice-common				install
libreoffice-core				install
libreoffice-draw				install
libreoffice-gnome				install
libreoffice-gtk					install
libreoffice-help-el				install
libreoffice-help-en-us				install
libreoffice-impress				install
libreoffice-java-common				install
libreoffice-l10n-el				install
libreoffice-math				install
libreoffice-ogltrans				install
libreoffice-pdfimport				install
libreoffice-sdbc-firebird			install
libreoffice-sdbc-hsqldb				install
libreoffice-style-mint				install
libreoffice-writer				install
libresid-builder0c2a				install
librest-0.7-0:i386				install
librevenge-0.0-0:i386				install
librhythmbox-core9:i386				install
libroken18-heimdal:i386				install
librpm3						install
librpmio3					install
librsvg2-2:i386					install
librsvg2-common:i386				install
librsync1:i386					install
librtmp1:i386					install
librubberband2v5:i386				install
libruby2.3:i386					install
libsamplerate0:i386				install
libsane:i386					install
libsane-common					install
libsane-hpaio:i386				install
libsasl2-2:i386					install
libsasl2-modules:i386				install
libsasl2-modules-db:i386			install
libsbc1:i386					install
libsbsms10:i386					install
libschroedinger-1.0-0:i386			install
libsdl-image1.2:i386				install
libsdl1.2debian:i386				install
libsdl2-2.0-0:i386				install
libsdl2-gfx-1.0-0:i386				install
libseccomp2:i386				install
libsecret-1-0:i386				install
libsecret-common				install
libselinux1:i386				install
libsemanage-common				install
libsemanage1:i386				install
libsensors4:i386				install
libsepol1:i386					install
libserd-0-0:i386				install
libservice-wrapper-java				install
libservice-wrapper-jni				install
libservlet3.1-java				install
libsexy2:i386					install
libsgutils2-2					install
libshine3:i386					install
libshout3:i386					install
libsidplay1v5					install
libsidplay2v5					install
libsigc++-2.0-0v5:i386				install
libsignon-extension1:i386			install
libsignon-glib1:i386				install
libsignon-plugins-common1:i386			install
libsignon-qt5-1:i386				install
libsigsegv2:i386				install
libslang2:i386					install
libsm6:i386					install
libsmartcols1:i386				install
libsmbclient:i386				install
libsnapd-glib1:i386				install
libsnappy1v5:i386				install
libsndfile1:i386				install
libsndio6.1:i386				install
libsnmp-base					install
libsnmp30:i386					install
libsocket6-perl					install
libsodium18:i386				install
libsonic0:i386					install
libsord-0-0:i386				install
libsoundtouch1:i386				install
libsoup-gnome2.4-1:i386				install
libsoup2.4-1:i386				install
libsox-fmt-alsa:i386				install
libsox-fmt-base:i386				install
libsox2:i386					install
libsoxr0:i386					install
libsp1c2					install
libspandsp2:i386				install
libspectre1:i386				install
libspeechd2:i386				install
libspeex1:i386					install
libspeexdsp1:i386				install
libspice-server1:i386				install
libsqlite3-0:i386				install
libsratom-0-0:i386				install
libsrtp0					install
libss2:i386					install
libssh-gcrypt-4:i386				install
libssh2-1:i386					install
libssl-dev:i386					install
libssl0.9.8:i386				install
libssl1.0.0:i386				install
libstartup-notification0:i386			install
libstdc++-5-dev:i386				install
libstdc++6:i386					install
libstemmer0d:i386				install
libsub-identify-perl				install
libsub-name-perl				install
libsuil-0-0:i386				install
libsuitesparseconfig4.4.6:i386			install
libswresample-ffmpeg1:i386			install
libswscale-ffmpeg3:i386				install
libsystemback					install
libsystemd0:i386				install
libtag1v5:i386					install
libtag1v5-vanilla:i386				install
libtalloc2:i386					install
libtasn1-6:i386					install
libtbb2:i386					install
libtcl8.6:i386					install
libtcltk-ruby					install
libtdb1:i386					install
libtelepathy-glib0:i386				install
libterm-readkey-perl				install
libterm-readline-perl-perl			install
libtevent0:i386					install
libtext-charwidth-perl				install
libtext-iconv-perl				install
libtext-levenshtein-perl			install
libtext-wrapi18n-perl				install
libthai-data					install
libthai0:i386					install
libtheora0:i386					install
libtidy-0.99-0					install
libtie-ixhash-perl				install
libtiff-tools					install
libtiff5:i386					install
libtimedate-perl				install
libtinfo-dev:i386				install
libtinfo5:i386					install
libtk8.6:i386					install
libtomcat8-java					install
libtool						install
libtotem-plparser-common			install
libtotem-plparser18:i386			install
libtwolame0:i386				install
libtxc-dxtn-s2tc0:i386				install
libubsan0:i386					install
libudev1:i386					install
libudisks2-0:i386				install
libumfpack5.7.1:i386				install
libunistring0:i386				install
libunity-protocol-private0:i386			install
libunity-scopes-json-def-desktop		install
libunity9:i386					install
libunshield0:i386				install
libunwind8					install
libupnp6					install
libupower-glib3:i386				install
liburi-perl					install
libusageenvironment3:i386			install
libusb-0.1-4:i386				install
libusb-1.0-0:i386				install
libusbmuxd4:i386				install
libusbredirparser1:i386				install
libustr-1.0-1:i386				install
libutempter0:i386				install
libuuid-perl					install
libuuid1:i386					install
libuv1:i386					install
libuv1-dev:i386					install
libv4l-0:i386					install
libv4lconvert0:i386				install
libva-drm1:i386					install
libva-wayland1:i386				install
libva-x11-1:i386				install
libva1:i386					install
libvamp-hostsdk3v5:i386				install
libvcdinfo0					install
libvdpau1:i386					install
libvisio-0.1-1:i386				install
libvisual-0.4-0:i386				install
libvisual-0.4-plugins:i386			install
libvlc5						install
libvlccore8					install
libvncclient1:i386				install
libvo-aacenc0:i386				install
libvo-amrwbenc0:i386				install
libvorbis0a:i386				install
libvorbisenc2:i386				install
libvorbisfile3:i386				install
libvpx3:i386					install
libvte-2.91-0:i386				install
libvte-2.91-common				install
libvte-common					install
libvte9						install
libwacom-common					install
libwacom2:i386					install
libwavpack1:i386				install
libwayland-client0:i386				install
libwayland-cursor0:i386				install
libwayland-egl1-mesa:i386			install
libwayland-server0:i386				install
libwbclient0:i386				install
libwebkit2gtk-3.0-25:i386			install
libwebkit2gtk-4.0-37:i386			install
libwebkitgtk-1.0-0:i386				install
libwebkitgtk-1.0-common				install
libwebkitgtk-3.0-0:i386				install
libwebkitgtk-3.0-common				install
libwebp5:i386					install
libwebpdemux1:i386				install
libwebpmux1:i386				install
libwebrtc-audio-processing-0:i386		install
libwildmidi-config				install
libwildmidi1:i386				install
libwind0-heimdal:i386				install
libwinpr-crt0.1:i386				install
libwinpr-dsparse0.1:i386			install
libwinpr-environment0.1:i386			install
libwinpr-file0.1:i386				install
libwinpr-handle0.1:i386				install
libwinpr-heap0.1:i386				install
libwinpr-input0.1:i386				install
libwinpr-interlocked0.1:i386			install
libwinpr-library0.1:i386			install
libwinpr-path0.1:i386				install
libwinpr-pool0.1:i386				install
libwinpr-registry0.1:i386			install
libwinpr-rpc0.1:i386				install
libwinpr-sspi0.1:i386				install
libwinpr-synch0.1:i386				install
libwinpr-sysinfo0.1:i386			install
libwinpr-thread0.1:i386				install
libwinpr-utils0.1:i386				install
libwmf0.2-7:i386				install
libwmf0.2-7-gtk					install
libwnck-3-0:i386				install
libwnck-3-common				install
libwnck-common					install
libwnck22:i386					install
libwpd-0.10-10:i386				install
libwpg-0.3-3:i386				install
libwps-0.4-4:i386				install
libwrap0:i386					install
libwww-perl					install
libwww-robotrules-perl				install
libwxbase3.0-0v5:i386				install
libwxgtk3.0-0v5:i386				install
libx11-6:i386					install
libx11-data					install
libx11-xcb1:i386				install
libx264-148:i386				install
libx265-79:i386					install
libx86-1:i386					install
libxapian-1.3-5:i386				install
libxapian22v5:i386				install
libxapp1:i386					install
libxatracker2:i386				install
libxau6:i386					install
libxaw7:i386					install
libxcb-composite0:i386				install
libxcb-cursor0:i386				install
libxcb-dpms0:i386				install
libxcb-dri2-0:i386				install
libxcb-dri3-0:i386				install
libxcb-glx0:i386				install
libxcb-icccm4:i386				install
libxcb-image0:i386				install
libxcb-keysyms1:i386				install
libxcb-present0:i386				install
libxcb-randr0:i386				install
libxcb-render-util0:i386			install
libxcb-render0:i386				install
libxcb-shape0:i386				install
libxcb-shm0:i386				install
libxcb-sync1:i386				install
libxcb-util1:i386				install
libxcb-xfixes0:i386				install
libxcb-xinerama0:i386				install
libxcb-xkb1:i386				install
libxcb-xv0:i386					install
libxcb1:i386					install
libxcomposite1:i386				install
libxcursor1:i386				install
libxdamage1:i386				install
libxdmcp6:i386					install
libxdo3:i386					install
libxen-4.6:i386					install
libxenstore3.0:i386				install
libxext6:i386					install
libxfce4ui-1-0					install
libxfce4ui-common				install
libxfce4util-common				install
libxfce4util7					install
libxfconf-0-2					install
libxfixes3:i386					install
libxfont1:i386					install
libxfreerdp-client1.1:i386			install
libxft2:i386					install
libxi6:i386					install
libxinerama1:i386				install
libxkbcommon-x11-0:i386				install
libxkbcommon0:i386				install
libxkbfile1:i386				install
libxklavier16:i386				install
libxml-parser-perl				install
libxml-twig-perl				install
libxml-xpathengine-perl				install
libxml2:i386					install
libxmu6:i386					install
libxmuu1:i386					install
libxplayer-plparser18				install
libxplayer0					install
libxpm4:i386					install
libxrandr2:i386					install
libxreaderdocument3				install
libxreaderview3					install
libxrender1:i386				install
libxres1:i386					install
libxshmfence1:i386				install
libxslt1.1:i386					install
libxss1:i386					install
libxt6:i386					install
libxtables11:i386				install
libxtst6:i386					install
libxv1:i386					install
libxvidcore4:i386				install
libxvmc1:i386					install
libxxf86dga1:i386				install
libxxf86vm1:i386				install
libyajl2:i386					install
libyaml-0-2:i386				install
libyaml-libyaml-perl				install
libyaml-tiny-perl				install
libyelp0					install
libzbar0:i386					install
libzeitgeist-2.0-0:i386				install
libzephyr4:i386					install
libzip4:i386					install
libzmq5:i386					install
libzstd1					install
libzvbi-common					install
libzvbi0:i386					install
lightdm						install
lightdm-settings				install
lighttpd					install
lintian						install
linux-base					install
linux-firmware					install
linux-headers-4.10.0-38				install
linux-headers-4.10.0-38-generic			install
linux-headers-4.15.0-72				install
linux-headers-4.15.0-72-generic			install
linux-headers-4.8.0-53				install
linux-image-4.10.0-38-generic			install
linux-image-4.15.0-72-generic			install
linux-image-extra-4.10.0-38-generic		install
linux-kernel-generic				install
linux-libc-dev:i386				install
linux-modules-4.15.0-72-generic			install
linux-modules-extra-4.15.0-72-generic		install
linux-sound-base				install
linuxmint-keyring				install
live-boot					install
live-boot-initramfs-tools			install
lm-sensors					install
localechooser-data				install
locales						install
lockfile-progs					install
login						install
logrotate					install
lp-solve					install
lsb-base					install
lsb-release					install
lshw						install
lsof						install
ltrace						install
lua-lpeg:i386					install
lvm2						install
m4						install
macchanger					install
make						install
makedev						install
man-db						install
manpages					install
manpages-dev					install
marco						install
marco-common					install
mate-applets					install
mate-applets-common				install
mate-common					install
mate-control-center				install
mate-control-center-common			install
mate-desktop					install
mate-desktop-common				install
mate-icon-theme					install
mate-indicator-applet				install
mate-indicator-applet-common			install
mate-media					install
mate-media-common				install
mate-menus					install
mate-notification-daemon			install
mate-notification-daemon-common			install
mate-panel					install
mate-panel-common				install
mate-polkit:i386				install
mate-polkit-common				install
mate-power-manager				install
mate-power-manager-common			install
mate-screensaver				install
mate-screensaver-common				install
mate-sensors-applet				install
mate-sensors-applet-common			install
mate-session-manager				install
mate-settings-daemon				install
mate-settings-daemon-common			install
mate-system-monitor				install
mate-system-monitor-common			install
mate-terminal					install
mate-terminal-common				install
mate-user-guide					install
mate-utils					install
mate-utils-common				install
mawk						install
mc						install
mc-data						install
mdbtools-gmdb					install
media-player-info				install
megasync					deinstall
megatools					install
meld						install
melt						install
memtest86+					install
menu						install
menu-xdg					install
mesa-utils					install
metacity					install
metacity-common					install
microsoft-online-apps				install
mime-support					install
minitube					install
mint-artwork-common				install
mint-artwork-gnome				install
mint-artwork-mate				install
mint-backgrounds-sarah				install
mint-backgrounds-serena				install
mint-backgrounds-sonya				install
mint-backgrounds-sylvia				install
mint-common					install
mint-info-mate					install
mint-meta-codecs				install
mint-meta-codecs-core				install
mint-meta-core					install
mint-meta-mate					install
mint-mirrors					install
mint-themes					install
mint-themes-gtk3				install
mint-translations				install
mint-upgrade-info				install
mint-user-guide-mate				install
mint-x-icons					install
mint-y-icons					install
mint-y-theme					install
mintbackup					install
mintdesktop					install
mintdrivers					install
mintinstall					install
mintinstall-icons				install
mintlocale					install
mintmenu					install
mintnanny					install
mintsources					install
mintstick					install
mintsystem					install
mintupdate					install
mintupgrade					install
mintupload					install
mintwelcome					install
mlocate						install
mlock						install
mobile-broadband-provider-info			install
modemmanager					install
module-init-tools				install
mono-4.0-gac					install
mono-gac					install
mono-runtime					install
mono-runtime-common				install
mono-runtime-sgen				install
mount						install
mountall					install
mousetweaks					install
mozo						install
mpv						install
mscompress					install
mtools						install
mtr-tiny					install
multiarch-support				install
multiboot					install
multisystem					install
mythes-en-us					install
nano						install
ncurses-base					install
ncurses-bin					install
ncurses-term					install
ndiswrapper					install
ndiswrapper-dkms				install
ndiswrapper-utils-1.9				install
net-tools					install
netbase						install
netcat-openbsd					install
netpbm						install
network-manager					install
network-manager-gnome				install
network-manager-openvpn				install
network-manager-openvpn-gnome			install
network-manager-pptp				install
network-manager-pptp-gnome			install
nextcloud-desktop				install
nextcloud-desktop-cmd				install
nextcloud-desktop-common			install
nextcloud-desktop-doc				install
nextcloud-desktop-l10n				install
nitrogen					install
nmap						install
node-abbrev					install
node-ansi					install
node-ansi-color-table				install
node-archy					install
node-async					install
node-block-stream				install
node-combined-stream				install
node-cookie-jar					install
node-delayed-stream				install
node-forever-agent				install
node-form-data					install
node-fstream					install
node-fstream-ignore				install
node-github-url-from-git			install
node-glob					install
node-graceful-fs				install
node-gyp					install
node-inherits					install
node-ini					install
node-json-stringify-safe			install
node-lockfile					install
node-lru-cache					install
node-mime					install
node-minimatch					install
node-mkdirp					install
node-mute-stream				install
node-node-uuid					install
node-nopt					install
node-normalize-package-data			install
node-npmlog					install
node-once					install
node-osenv					install
node-qs						install
node-read					install
node-read-package-json				install
node-request					install
node-retry					install
node-rimraf					install
node-semver					install
node-sha					install
node-sigmund					install
node-slide					install
node-tar					install
node-tunnel-agent				install
node-underscore					install
node-which					install
nodejs						install
nodejs-dev					install
npm						install
ntfs-3g						install
ntp						install
ntpdate						install
nux-tools					install
nvidia-prime-applet				install
obex-data-server				install
ocl-icd-libopencl1:i386				install
onboard						install
oneconf-common					install
openjdk-8-jdk:i386				install
openjdk-8-jdk-headless:i386			install
openjdk-8-jre:i386				install
openjdk-8-jre-headless:i386			install
openoffice.org-hyphenation			install
openprinting-ppds				install
openshot					install
openssh-client					install
openssl						install
openvpn						install
opera-stable					install
os-prober					install
oxideqt-codecs-extra:i386			install
p11-kit						install
p11-kit-modules:i386				install
p7zip						install
p7zip-full					install
parted						install
partimage					install
passwd						install
patch						install
patchutils					install
pavucontrol					install
pciutils					install
pcmciautils					install
pdfshuffler					install
pepperflashplugin-nonfree			install
perl						install
perl-base					install
perl-modules-5.22				install
php-cgi						install
php-common					install
php7.0-cgi					install
php7.0-cli					install
php7.0-common					install
php7.0-json					install
php7.0-opcache					install
php7.0-readline					install
pidgin						install
pidgin-data					install
pidgin-libnotify				install
pigz						install
pinentry-gnome3					install
pinguybuilder					install
pipelight-multi					install
pix						install
pix-data					install
pkg-config					install
plymouth					install
plymouth-label					install
plymouth-theme-ubuntu-text			install
plymouth-x11					install
pm-utils					install
poedit						install
poedit-common					install
policykit-1					install
policykit-1-gnome				install
policykit-desktop-privileges			install
poppler-data					install
poppler-utils					install
powermgmt-base					install
powertop					install
ppa-purge					install
ppp						install
pppconfig					install
pppoeconf					install
pptp-linux					install
printer-driver-brlaser				install
printer-driver-c2esp				install
printer-driver-foo2zjs				install
printer-driver-foo2zjs-common			install
printer-driver-gutenprint			install
printer-driver-hpcups				install
printer-driver-min12xxw				install
printer-driver-pnm2ppa				install
printer-driver-postscript-hp			install
printer-driver-ptouch				install
printer-driver-pxljr				install
printer-driver-sag-gdi				install
printer-driver-splix				install
procps						install
protobuf-compiler				install
psmisc						install
pulseaudio					install
pulseaudio-module-bluetooth			install
pulseaudio-module-x11				install
pulseaudio-utils				install
pv						install
pyrit						install
python						install
python-apt					install
python-apt-common				install
python-aptdaemon				install
python-aptdaemon.gtk3widgets			install
python-attr					install
python-beautifulsoup				install
python-blinker					install
python-cairo					install
python-caja					install
python-caja-common				install
python-cffi-backend				install
python-chardet					install
python-compizconfig:i386			install
python-configglue				install
python-configobj				install
python-crypto					install
python-cryptography				install
python-cups					install
python-dbus					install
python-dbus-dev					install
python-debian					install
python-debtagshw				install
python-defer					install
python-dev					install
python-dirspec					install
python-ecdsa					install
python-enum34					install
python-feedparser				install
python-gconf					install
python-gi					install
python-gi-cairo					install
python-glade2					install
python-gnomekeyring				install
python-gobject					install
python-gobject-2				install
python-gpgme					install
python-gst0.10					install
python-gtk2					install
python-gtksourceview2				install
python-httplib2					install
python-idna					install
python-imaging					install
python-ipaddress				install
python-jwt					install
python-libxml2					install
python-lockfile					install
python-lxml					install
python-mako					install
python-markupsafe				install
python-mate-menu				install
python-minimal					install
python-mlt					install
python-netifaces				install
python-notify					install
python-numpy					install
python-oauthlib					install
python-oneconf					install
python-openssl					install
python-pam					install
python-parallel					install
python-paramiko					install
python-parted					install
python-pcbasic					install
python-pexpect					install
python-pil:i386					install
python-pip					install
python-pip-whl					install
python-piston-mini-client			install
python-pkg-resources				install
python-poppler					install
python-protobuf					install
python-ptyprocess				install
python-pyasn1					install
python-pyasn1-modules				install
python-pyatspi					install
python-pyatspi2					install
python-pycurl					install
python-pygoocanvas				install
python-pyinotify				install
python-pyorbit					install
python-pypdf					install
python-qt4					install
python-qt4-dbus					install
python-renderpm:i386				install
python-reportlab				install
python-reportlab-accel:i386			install
python-serial					install
python-service-identity				install
python-setproctitle				install
python-sexy					install
python-sip					install
python-six					install
python-smbc					install
python-talloc					install
python-twisted-bin				install
python-twisted-core				install
python-twisted-names				install
python-twisted-web				install
python-ubuntu-sso-client			install
python-urwid					install
python-utidylib					install
python-vte					install
python-webkit					install
python-wicd					install
python-wxgtk3.0					install
python-wxtools					install
python-wxversion				install
python-xapian					install
python-xdg					install
python-xlib					install
python-zope.interface				install
python2.7					install
python2.7-dev					install
python2.7-minimal				install
python3						install
python3-apt					install
python3-aptdaemon				install
python3-aptdaemon.gtk3widgets			install
python3-aptdaemon.pkcompat			install
python3-blinker					install
python3-brlapi					install
python3-cairo					install
python3-cffi-backend				install
python3-chardet					install
python3-commandnotfound				install
python3-configobj				install
python3-crypto					install
python3-cryptography				install
python3-cups					install
python3-cupshelpers				install
python3-dbus					install
python3-debian					install
python3-defer					install
python3-dirspec					install
python3-gdbm:i386				install
python3-gi					install
python3-gi-cairo				install
python3-httplib2				install
python3-icu					install
python3-idna					install
python3-jwt					install
python3-louis					install
python3-lxml					install
python3-mako					install
python3-markupsafe				install
python3-minimal					install
python3-multibootusb				install
python3-oauthlib				install
python3-oneconf					install
python3-pam					install
python3-pexpect					install
python3-pil:i386				install
python3-piston-mini-client			install
python3-pkg-resources				install
python3-psutil					install
python3-ptyprocess				install
python3-pyasn1					install
python3-pyatspi					install
python3-pycurl					install
python3-pyqt5					install
python3-pyudev					install
python3-reportlab				install
python3-reportlab-accel:i386			install
python3-requests				install
python3-setproctitle				install
python3-sip					install
python3-six					install
python3-speechd					install
python3-tk					install
python3-uno					install
python3-urllib3					install
python3-virtkey					install
python3-xapian1.3				install
python3-xapp					install
python3-xdg					install
python3-xkit					install
python3-yaml					install
python3.5					install
python3.5-minimal				install
qdbus						install
qemu						install
qemu-block-extra:i386				install
qemu-kvm					install
qemu-slof					install
qemu-system					install
qemu-system-arm					install
qemu-system-common				install
qemu-system-mips				install
qemu-system-misc				install
qemu-system-ppc					install
qemu-system-sparc				install
qemu-system-x86					install
qemu-user					install
qemu-utils					install
qpdf						install
qpdfview					install
qt-at-spi:i386					install
qtchooser					install
qtcore4-l10n					install
radeontool					install
rake						install
rar						install
rarian-compat					install
rdate						install
readline-common					install
reiserfsprogs					install
rename						install
resolvconf					install
rfkill						install
rhythmbox					install
rhythmbox-data					install
rhythmbox-plugin-tray-icon			install
rhythmbox-plugins				install
ri						install
rpm-common					install
rpm2cpio					install
rsync						install
rsyslog						install
rtkit						install
ruby						install
ruby-dev:i386					install
ruby-did-you-mean				install
ruby-full					install
ruby-json					install
ruby-minitest					install
ruby-net-telnet					install
ruby-power-assert				install
ruby-test-unit					install
ruby2.3						install
ruby2.3-dev:i386				install
ruby2.3-doc					install
ruby2.3-tcltk					install
rubygems-integration				install
samba-common					install
samba-libs:i386					install
sane-utils					install
scrollkeeper					install
seabios						install
sed						install
sensible-utils					install
service-wrapper					install
session-migration				install
sessioninstaller				install
sg3-utils					install
sgml-base					install
sgml-data					install
shared-mime-info				install
signon-keyring-extension			install
signon-plugin-oauth2				install
signon-plugin-password				install
signon-ui					install
signon-ui-service				install
signon-ui-x11					install
signond						install
simple-scan					install
slick-greeter					install
smartgit					install
smbclient					install
smplayer					install
smtube						install
sni-qt:i386					install
software-properties-common			install
sound-theme-freedesktop				install
sox						install
sp						install
speech-dispatcher				install
speech-dispatcher-audio-plugins:i386		install
speedtest-cli					install
squashfs-tools					install
ssh-askpass-gnome				install
ssl-cert					install
strace						install
suckless-tools					install
sudo						install
synaptic					install
syslinux					install
syslinux-common					install
syslinux-legacy					install
syslinux-utils					install
system-config-printer-common			install
system-config-printer-gnome			install
system-config-printer-udev			install
system-tools-backends				install
systemback					install
systemback-scheduler				install
systemd						install
systemd-shim					install
systemd-sysv					install
sysv-rc						install
sysvinit-utils					install
t1utils						install
tar						install
tasksel						install
tasksel-data					install
tcl						install
tcl8.6						install
tcpd						install
tcpdump						install
tdb-tools					install
teamviewer					install
telnet						install
testdisk					install
thermald					install
thin-client-config-agent			install
thunderbird					install
thunderbird-gnome-support			install
thunderbird-locale-el				install
thunderbird-locale-en				install
thunderbird-locale-en-us			install
time						install
timeshift					install
tk						install
tk8.6						install
tk8.6-blt2.5					install
tomboy						install
toshset						install
traceroute					install
transmission-common				install
transmission-gtk				install
ttf-ancient-fonts-symbola			install
ttf-mscorefonts-installer			install
ttf-ubuntu-font-family				install
tzdata						install
ubiquity					install
ubiquity-casper					install
ubiquity-frontend-debconf			install
ubiquity-frontend-gtk				deinstall
ubiquity-ubuntu-artwork				install
ubuntu-advantage-tools				install
ubuntu-drivers-common				install
ubuntu-keyring					install
ubuntu-minimal					install
ubuntu-settings					install
ubuntu-system-adjustments			install
ubuntu-system-service				install
ucaresystem-core				install
ucf						install
udev						install
udisks2						install
ufw						install
unetbootin					install
uno-libs3					install
unrar						install
unshield					install
unzip						install
update-inetd					install
upower						install
upstart						install
ure						install
ureadahead					install
usb-modeswitch					install
usb-modeswitch-data				install
usbmuxd						install
usbutils					install
user-setup					install
util-linux					install
uuid-runtime					install
vbetool						install
vim-common					install
vim-tiny					install
vino						install
vivaldi-stable					install
vlc						install
vlc-data					install
vlc-nox						install
vlc-plugin-notify				install
wakeonlan					install
wamerican					install
watershed					install
wbritish					install
webhttrack					install
webhttrack-common				install
wget						install
whiptail					install
wicd-curses					install
wicd-daemon					install
wine						install
wine-staging					install
wine-staging-i386				install
wine1.6						install
wine1.6-i386					install
winff						install
winff-gtk2					install
winusb						install
wireless-regdb					install
wireless-tools					install
wmctrl						install
wodim						install
woeusb						install
wpasupplicant					install
x11-apps					install
x11-common					install
x11-session-utils				install
x11-utils					install
x11-xfs-utils					install
x11-xkb-utils					install
x11-xserver-utils				install
x11proto-core-dev				install
x11proto-input-dev				install
x11proto-kb-dev					install
x264						install
xapps-common					install
xauth						install
xbitmaps					install
xdg-desktop-portal				install
xdg-desktop-portal-gtk				install
xdg-user-dirs					install
xdg-user-dirs-gtk				install
xdg-utils					install
xdotool						install
xed						install
xed-common					install
xfce4-appfinder					install
xfconf						install
xfonts-base					install
xfonts-encodings				install
xfonts-scalable					install
xfonts-utils					install
xfsprogs					install
xinit						install
xinput						install
xkb-data					install
xml-core					install
xorg						install
xorg-docs-core					install
xorg-sgml-doctools				install
xorriso						install
xosview						install
xplayer						install
xplayer-common					install
xplayer-plugins					install
xreader						install
xreader-common					install
xresprobe					install
xscreensaver-data				install
xscreensaver-data-extra				install
xscreensaver-gl					install
xscreensaver-gl-extra				install
xserver-common					install
xserver-xorg					install
xserver-xorg-core				install
xserver-xorg-input-all				install
xserver-xorg-input-evdev			install
xserver-xorg-input-synaptics			install
xserver-xorg-input-vmmouse			install
xserver-xorg-input-wacom			install
xserver-xorg-video-all				install
xserver-xorg-video-amdgpu			install
xserver-xorg-video-ati				install
xserver-xorg-video-fbdev			install
xserver-xorg-video-intel			install
xserver-xorg-video-nouveau			install
xserver-xorg-video-qxl				install
xserver-xorg-video-radeon			install
xserver-xorg-video-vesa				install
xserver-xorg-video-vmware			install
xsltproc					install
xterm						install
xviewer						install
xviewer-plugins					install
xz-utils					install
yelp						install
yelp-xsl					install
youtube-dl					install
zenity						install
zenity-common					install
zip						install
zlib1g:i386					install
zlib1g-dev:i386					install
zram-config					install
